2023-07-27T14:42:33,452 - CPUUtilization.Percent:100.0|#Level:Host|#hostname:2-02,timestamp:1690436553
2023-07-27T14:42:33,452 - DiskAvailable.Gigabytes:129.46194076538086|#Level:Host|#hostname:2-02,timestamp:1690436553
2023-07-27T14:42:33,456 - DiskUsage.Gigabytes:108.37344360351562|#Level:Host|#hostname:2-02,timestamp:1690436553
2023-07-27T14:42:33,456 - DiskUtilization.Percent:45.6|#Level:Host|#hostname:2-02,timestamp:1690436553
2023-07-27T14:42:33,457 - MemoryAvailable.Megabytes:4733.24609375|#Level:Host|#hostname:2-02,timestamp:1690436553
2023-07-27T14:42:33,458 - MemoryUsed.Megabytes:11376.00390625|#Level:Host|#hostname:2-02,timestamp:1690436553
2023-07-27T14:42:33,459 - MemoryUtilization.Percent:70.6|#Level:Host|#hostname:2-02,timestamp:1690436553
2023-07-27T14:43:33,043 - CPUUtilization.Percent:0.0|#Level:Host|#hostname:2-02,timestamp:1690436613
2023-07-27T14:43:33,059 - DiskAvailable.Gigabytes:129.4596290588379|#Level:Host|#hostname:2-02,timestamp:1690436613
2023-07-27T14:43:33,059 - DiskUsage.Gigabytes:108.3757553100586|#Level:Host|#hostname:2-02,timestamp:1690436613
2023-07-27T14:43:33,060 - DiskUtilization.Percent:45.6|#Level:Host|#hostname:2-02,timestamp:1690436613
2023-07-27T14:43:33,061 - MemoryAvailable.Megabytes:5791.1484375|#Level:Host|#hostname:2-02,timestamp:1690436613
2023-07-27T14:43:33,061 - MemoryUsed.Megabytes:10316.3515625|#Level:Host|#hostname:2-02,timestamp:1690436613
2023-07-27T14:43:33,062 - MemoryUtilization.Percent:64.1|#Level:Host|#hostname:2-02,timestamp:1690436613
2023-07-27T14:44:33,062 - CPUUtilization.Percent:0.0|#Level:Host|#hostname:2-02,timestamp:1690436673
2023-07-27T14:44:33,063 - DiskAvailable.Gigabytes:129.45912170410156|#Level:Host|#hostname:2-02,timestamp:1690436673
2023-07-27T14:44:33,063 - DiskUsage.Gigabytes:108.37626266479492|#Level:Host|#hostname:2-02,timestamp:1690436673
2023-07-27T14:44:33,064 - DiskUtilization.Percent:45.6|#Level:Host|#hostname:2-02,timestamp:1690436673
2023-07-27T14:44:33,064 - MemoryAvailable.Megabytes:5865.890625|#Level:Host|#hostname:2-02,timestamp:1690436673
2023-07-27T14:44:33,065 - MemoryUsed.Megabytes:10242.2578125|#Level:Host|#hostname:2-02,timestamp:1690436673
2023-07-27T14:44:33,066 - MemoryUtilization.Percent:63.6|#Level:Host|#hostname:2-02,timestamp:1690436673
2023-07-27T14:45:33,050 - CPUUtilization.Percent:0.0|#Level:Host|#hostname:2-02,timestamp:1690436733
2023-07-27T14:45:33,050 - DiskAvailable.Gigabytes:129.46769332885742|#Level:Host|#hostname:2-02,timestamp:1690436733
2023-07-27T14:45:33,058 - DiskUsage.Gigabytes:108.36769104003906|#Level:Host|#hostname:2-02,timestamp:1690436733
2023-07-27T14:45:33,058 - DiskUtilization.Percent:45.6|#Level:Host|#hostname:2-02,timestamp:1690436733
2023-07-27T14:45:33,059 - MemoryAvailable.Megabytes:6065.65625|#Level:Host|#hostname:2-02,timestamp:1690436733
2023-07-27T14:45:33,060 - MemoryUsed.Megabytes:10041.51953125|#Level:Host|#hostname:2-02,timestamp:1690436733
2023-07-27T14:45:33,060 - MemoryUtilization.Percent:62.3|#Level:Host|#hostname:2-02,timestamp:1690436733
2023-07-27T14:46:33,054 - CPUUtilization.Percent:0.0|#Level:Host|#hostname:2-02,timestamp:1690436793
2023-07-27T14:46:33,054 - DiskAvailable.Gigabytes:129.46716690063477|#Level:Host|#hostname:2-02,timestamp:1690436793
2023-07-27T14:46:33,054 - DiskUsage.Gigabytes:108.36821746826172|#Level:Host|#hostname:2-02,timestamp:1690436793
2023-07-27T14:46:33,057 - DiskUtilization.Percent:45.6|#Level:Host|#hostname:2-02,timestamp:1690436793
2023-07-27T14:46:33,057 - MemoryAvailable.Megabytes:6055.4609375|#Level:Host|#hostname:2-02,timestamp:1690436793
2023-07-27T14:46:33,058 - MemoryUsed.Megabytes:10053.3515625|#Level:Host|#hostname:2-02,timestamp:1690436793
2023-07-27T14:46:33,058 - MemoryUtilization.Percent:62.4|#Level:Host|#hostname:2-02,timestamp:1690436793
2023-07-27T14:47:33,041 - CPUUtilization.Percent:0.0|#Level:Host|#hostname:2-02,timestamp:1690436853
2023-07-27T14:47:33,041 - DiskAvailable.Gigabytes:129.46698379516602|#Level:Host|#hostname:2-02,timestamp:1690436853
2023-07-27T14:47:33,041 - DiskUsage.Gigabytes:108.36840057373047|#Level:Host|#hostname:2-02,timestamp:1690436853
2023-07-27T14:47:33,057 - DiskUtilization.Percent:45.6|#Level:Host|#hostname:2-02,timestamp:1690436853
2023-07-27T14:47:33,058 - MemoryAvailable.Megabytes:6063.16015625|#Level:Host|#hostname:2-02,timestamp:1690436853
2023-07-27T14:47:33,058 - MemoryUsed.Megabytes:10044.19140625|#Level:Host|#hostname:2-02,timestamp:1690436853
2023-07-27T14:47:33,059 - MemoryUtilization.Percent:62.4|#Level:Host|#hostname:2-02,timestamp:1690436853
2023-07-27T14:48:33,060 - CPUUtilization.Percent:0.0|#Level:Host|#hostname:2-02,timestamp:1690436913
2023-07-27T14:48:33,060 - DiskAvailable.Gigabytes:129.46656036376953|#Level:Host|#hostname:2-02,timestamp:1690436913
2023-07-27T14:48:33,065 - DiskUsage.Gigabytes:108.36882400512695|#Level:Host|#hostname:2-02,timestamp:1690436913
2023-07-27T14:48:33,065 - DiskUtilization.Percent:45.6|#Level:Host|#hostname:2-02,timestamp:1690436913
2023-07-27T14:48:33,066 - MemoryAvailable.Megabytes:6080.0078125|#Level:Host|#hostname:2-02,timestamp:1690436913
2023-07-27T14:48:33,066 - MemoryUsed.Megabytes:10027.34375|#Level:Host|#hostname:2-02,timestamp:1690436913
2023-07-27T14:48:33,067 - MemoryUtilization.Percent:62.3|#Level:Host|#hostname:2-02,timestamp:1690436913
2023-07-27T14:49:22,044 - ts_inference_requests_total.Count:1.0|#model_name:convnet,model_version:default|#hostname:2-02,timestamp:1690436962
2023-07-27T14:49:33,047 - CPUUtilization.Percent:0.0|#Level:Host|#hostname:2-02,timestamp:1690436973
2023-07-27T14:49:33,048 - DiskAvailable.Gigabytes:129.46947860717773|#Level:Host|#hostname:2-02,timestamp:1690436973
2023-07-27T14:49:33,048 - DiskUsage.Gigabytes:108.36590576171875|#Level:Host|#hostname:2-02,timestamp:1690436973
2023-07-27T14:49:33,049 - DiskUtilization.Percent:45.6|#Level:Host|#hostname:2-02,timestamp:1690436973
2023-07-27T14:49:33,049 - MemoryAvailable.Megabytes:6114.97265625|#Level:Host|#hostname:2-02,timestamp:1690436973
2023-07-27T14:49:33,049 - MemoryUsed.Megabytes:9992.4453125|#Level:Host|#hostname:2-02,timestamp:1690436973
2023-07-27T14:49:33,050 - MemoryUtilization.Percent:62.0|#Level:Host|#hostname:2-02,timestamp:1690436973
2023-07-27T14:50:33,061 - CPUUtilization.Percent:0.0|#Level:Host|#hostname:2-02,timestamp:1690437033
2023-07-27T14:50:33,061 - DiskAvailable.Gigabytes:129.4693145751953|#Level:Host|#hostname:2-02,timestamp:1690437033
2023-07-27T14:50:33,062 - DiskUsage.Gigabytes:108.36606979370117|#Level:Host|#hostname:2-02,timestamp:1690437033
2023-07-27T14:50:33,063 - DiskUtilization.Percent:45.6|#Level:Host|#hostname:2-02,timestamp:1690437033
2023-07-27T14:50:33,063 - MemoryAvailable.Megabytes:6152.8203125|#Level:Host|#hostname:2-02,timestamp:1690437033
2023-07-27T14:50:33,063 - MemoryUsed.Megabytes:9955.25|#Level:Host|#hostname:2-02,timestamp:1690437033
2023-07-27T14:50:33,064 - MemoryUtilization.Percent:61.8|#Level:Host|#hostname:2-02,timestamp:1690437033
2023-07-27T14:51:33,089 - CPUUtilization.Percent:0.0|#Level:Host|#hostname:2-02,timestamp:1690437093
2023-07-27T14:51:33,089 - DiskAvailable.Gigabytes:129.46873092651367|#Level:Host|#hostname:2-02,timestamp:1690437093
2023-07-27T14:51:33,090 - DiskUsage.Gigabytes:108.36665344238281|#Level:Host|#hostname:2-02,timestamp:1690437093
2023-07-27T14:51:33,090 - DiskUtilization.Percent:45.6|#Level:Host|#hostname:2-02,timestamp:1690437093
2023-07-27T14:51:33,091 - MemoryAvailable.Megabytes:6093.578125|#Level:Host|#hostname:2-02,timestamp:1690437093
2023-07-27T14:51:33,091 - MemoryUsed.Megabytes:10013.7734375|#Level:Host|#hostname:2-02,timestamp:1690437093
2023-07-27T14:51:33,092 - MemoryUtilization.Percent:62.2|#Level:Host|#hostname:2-02,timestamp:1690437093
2023-07-27T15:17:52,590 - CPUUtilization.Percent:100.0|#Level:Host|#hostname:2-02,timestamp:1690438672
2023-07-27T15:17:52,591 - DiskAvailable.Gigabytes:129.4584732055664|#Level:Host|#hostname:2-02,timestamp:1690438672
2023-07-27T15:17:52,592 - DiskUsage.Gigabytes:108.37691116333008|#Level:Host|#hostname:2-02,timestamp:1690438672
2023-07-27T15:17:52,593 - DiskUtilization.Percent:45.6|#Level:Host|#hostname:2-02,timestamp:1690438672
2023-07-27T15:17:52,594 - MemoryAvailable.Megabytes:6541.29296875|#Level:Host|#hostname:2-02,timestamp:1690438672
2023-07-27T15:17:52,594 - MemoryUsed.Megabytes:9566.5234375|#Level:Host|#hostname:2-02,timestamp:1690438672
2023-07-27T15:17:52,595 - MemoryUtilization.Percent:59.4|#Level:Host|#hostname:2-02,timestamp:1690438672
2023-07-27T15:18:52,514 - CPUUtilization.Percent:0.0|#Level:Host|#hostname:2-02,timestamp:1690438732
2023-07-27T15:18:52,514 - DiskAvailable.Gigabytes:129.45606994628906|#Level:Host|#hostname:2-02,timestamp:1690438732
2023-07-27T15:18:52,514 - DiskUsage.Gigabytes:108.37931442260742|#Level:Host|#hostname:2-02,timestamp:1690438732
2023-07-27T15:18:52,522 - DiskUtilization.Percent:45.6|#Level:Host|#hostname:2-02,timestamp:1690438732
2023-07-27T15:18:52,523 - MemoryAvailable.Megabytes:6582.98046875|#Level:Host|#hostname:2-02,timestamp:1690438732
2023-07-27T15:18:52,523 - MemoryUsed.Megabytes:9509.16796875|#Level:Host|#hostname:2-02,timestamp:1690438732
2023-07-27T15:18:52,524 - MemoryUtilization.Percent:59.0|#Level:Host|#hostname:2-02,timestamp:1690438732
2023-07-27T15:19:00,776 - ts_inference_requests_total.Count:1.0|#model_name:convnet,model_version:default|#hostname:2-02,timestamp:1690438740
2023-07-27T15:19:52,519 - CPUUtilization.Percent:0.0|#Level:Host|#hostname:2-02,timestamp:1690438792
2023-07-27T15:19:52,520 - DiskAvailable.Gigabytes:129.45549392700195|#Level:Host|#hostname:2-02,timestamp:1690438792
2023-07-27T15:19:52,521 - DiskUsage.Gigabytes:108.37989044189453|#Level:Host|#hostname:2-02,timestamp:1690438792
2023-07-27T15:19:52,521 - DiskUtilization.Percent:45.6|#Level:Host|#hostname:2-02,timestamp:1690438792
2023-07-27T15:19:52,523 - MemoryAvailable.Megabytes:6604.76953125|#Level:Host|#hostname:2-02,timestamp:1690438792
2023-07-27T15:19:52,523 - MemoryUsed.Megabytes:9503.11328125|#Level:Host|#hostname:2-02,timestamp:1690438792
2023-07-27T15:19:52,524 - MemoryUtilization.Percent:59.0|#Level:Host|#hostname:2-02,timestamp:1690438792
2023-07-27T15:20:52,514 - CPUUtilization.Percent:0.0|#Level:Host|#hostname:2-02,timestamp:1690438852
2023-07-27T15:20:52,514 - DiskAvailable.Gigabytes:129.4585952758789|#Level:Host|#hostname:2-02,timestamp:1690438852
2023-07-27T15:20:52,516 - DiskUsage.Gigabytes:108.37678909301758|#Level:Host|#hostname:2-02,timestamp:1690438852
2023-07-27T15:20:52,516 - DiskUtilization.Percent:45.6|#Level:Host|#hostname:2-02,timestamp:1690438852
2023-07-27T15:20:52,516 - MemoryAvailable.Megabytes:5995.34375|#Level:Host|#hostname:2-02,timestamp:1690438852
2023-07-27T15:20:52,517 - MemoryUsed.Megabytes:10114.46484375|#Level:Host|#hostname:2-02,timestamp:1690438852
2023-07-27T15:20:52,517 - MemoryUtilization.Percent:62.8|#Level:Host|#hostname:2-02,timestamp:1690438852
2023-07-27T15:21:52,544 - CPUUtilization.Percent:0.0|#Level:Host|#hostname:2-02,timestamp:1690438912
2023-07-27T15:21:52,544 - DiskAvailable.Gigabytes:129.45770263671875|#Level:Host|#hostname:2-02,timestamp:1690438912
2023-07-27T15:21:52,545 - DiskUsage.Gigabytes:108.37768173217773|#Level:Host|#hostname:2-02,timestamp:1690438912
2023-07-27T15:21:52,545 - DiskUtilization.Percent:45.6|#Level:Host|#hostname:2-02,timestamp:1690438912
2023-07-27T15:21:52,545 - MemoryAvailable.Megabytes:6091.90234375|#Level:Host|#hostname:2-02,timestamp:1690438912
2023-07-27T15:21:52,546 - MemoryUsed.Megabytes:10015.6796875|#Level:Host|#hostname:2-02,timestamp:1690438912
2023-07-27T15:21:52,546 - MemoryUtilization.Percent:62.2|#Level:Host|#hostname:2-02,timestamp:1690438912
2023-07-27T15:22:52,536 - CPUUtilization.Percent:0.0|#Level:Host|#hostname:2-02,timestamp:1690438972
2023-07-27T15:22:52,538 - DiskAvailable.Gigabytes:129.4707794189453|#Level:Host|#hostname:2-02,timestamp:1690438972
2023-07-27T15:22:52,538 - DiskUsage.Gigabytes:108.36460494995117|#Level:Host|#hostname:2-02,timestamp:1690438972
2023-07-27T15:22:52,538 - DiskUtilization.Percent:45.6|#Level:Host|#hostname:2-02,timestamp:1690438972
2023-07-27T15:22:52,539 - MemoryAvailable.Megabytes:6246.7890625|#Level:Host|#hostname:2-02,timestamp:1690438972
2023-07-27T15:22:52,539 - MemoryUsed.Megabytes:9861.34375|#Level:Host|#hostname:2-02,timestamp:1690438972
2023-07-27T15:22:52,540 - MemoryUtilization.Percent:61.2|#Level:Host|#hostname:2-02,timestamp:1690438972
2023-07-27T15:23:52,577 - CPUUtilization.Percent:0.0|#Level:Host|#hostname:2-02,timestamp:1690439032
2023-07-27T15:23:52,578 - DiskAvailable.Gigabytes:129.46283340454102|#Level:Host|#hostname:2-02,timestamp:1690439032
2023-07-27T15:23:52,579 - DiskUsage.Gigabytes:108.37255096435547|#Level:Host|#hostname:2-02,timestamp:1690439032
2023-07-27T15:23:52,579 - DiskUtilization.Percent:45.6|#Level:Host|#hostname:2-02,timestamp:1690439032
2023-07-27T15:23:52,579 - MemoryAvailable.Megabytes:6310.04296875|#Level:Host|#hostname:2-02,timestamp:1690439032
2023-07-27T15:23:52,580 - MemoryUsed.Megabytes:9796.25|#Level:Host|#hostname:2-02,timestamp:1690439032
2023-07-27T15:23:52,580 - MemoryUtilization.Percent:60.8|#Level:Host|#hostname:2-02,timestamp:1690439032
2023-07-27T15:24:52,528 - CPUUtilization.Percent:0.0|#Level:Host|#hostname:2-02,timestamp:1690439092
2023-07-27T15:24:52,528 - DiskAvailable.Gigabytes:129.4612922668457|#Level:Host|#hostname:2-02,timestamp:1690439092
2023-07-27T15:24:52,529 - DiskUsage.Gigabytes:108.37409210205078|#Level:Host|#hostname:2-02,timestamp:1690439092
2023-07-27T15:24:52,529 - DiskUtilization.Percent:45.6|#Level:Host|#hostname:2-02,timestamp:1690439092
2023-07-27T15:24:52,530 - MemoryAvailable.Megabytes:6181.47265625|#Level:Host|#hostname:2-02,timestamp:1690439092
2023-07-27T15:24:52,530 - MemoryUsed.Megabytes:9927.55859375|#Level:Host|#hostname:2-02,timestamp:1690439092
2023-07-27T15:24:52,530 - MemoryUtilization.Percent:61.6|#Level:Host|#hostname:2-02,timestamp:1690439092
